c:\users\admin\desktop\game\castlevania\debug\vc142.pdb
c:\users\admin\desktop\game\castlevania\debug\vc142.idb
c:\users\admin\desktop\game\castlevania\debug\torch.obj
c:\users\admin\desktop\game\castlevania\debug\tilemap.obj
c:\users\admin\desktop\game\castlevania\debug\sword.obj
c:\users\admin\desktop\game\castlevania\debug\portal.obj
c:\users\admin\desktop\game\castlevania\debug\morningstar.obj
c:\users\admin\desktop\game\castlevania\debug\largeheart.obj
c:\users\admin\desktop\game\castlevania\debug\koopas.obj
c:\users\admin\desktop\game\castlevania\debug\knight.obj
c:\users\admin\desktop\game\castlevania\debug\item.obj
c:\users\admin\desktop\game\castlevania\debug\grid.obj
c:\users\admin\desktop\game\castlevania\debug\gameboard.obj
c:\users\admin\desktop\game\castlevania\debug\font.obj
c:\users\admin\desktop\game\castlevania\debug\enemy.obj
c:\users\admin\desktop\game\castlevania\debug\cell.obj
c:\users\admin\desktop\game\castlevania\debug\cburningeffect.obj
c:\users\admin\desktop\game\castlevania\debug\brick.obj
c:\users\admin\desktop\game\castlevania\debug\boardhealth.obj
c:\users\admin\desktop\game\castlevania\debug\board.obj
c:\users\admin\desktop\game\castlevania\debug\bat.obj
c:\users\admin\desktop\game\castlevania\debug\animations.obj
c:\users\admin\desktop\game\castlevania\debug\weapon.obj
c:\users\admin\desktop\game\castlevania\debug\textures.obj
c:\users\admin\desktop\game\castlevania\debug\sprites.obj
c:\users\admin\desktop\game\castlevania\debug\scence.obj
c:\users\admin\desktop\game\castlevania\debug\playscence.obj
c:\users\admin\desktop\game\castlevania\debug\simon.obj
c:\users\admin\desktop\game\castlevania\debug\main.obj
c:\users\admin\desktop\game\castlevania\debug\goomba.obj
c:\users\admin\desktop\game\castlevania\debug\gameobject.obj
c:\users\admin\desktop\game\castlevania\debug\game.obj
c:\users\admin\desktop\game\castlevania\debug\utils.obj
c:\users\admin\desktop\game\castlevania\debug\upgrademorningstar.obj
c:\users\admin\desktop\game\castlevania\debug\hiddenobject.obj
c:\users\admin\desktop\game\castlevania\debug\hiddenobject.obj.enc
c:\users\admin\desktop\game\castlevania\debug\simon.obj.enc
c:\users\admin\desktop\game\debug\castlevania.pdb
c:\users\admin\desktop\game\castlevania\debug\castlevania.tlog\cl.command.1.tlog
c:\users\admin\desktop\game\castlevania\debug\castlevania.tlog\cl.read.1.tlog
c:\users\admin\desktop\game\castlevania\debug\castlevania.tlog\cl.write.1.tlog
c:\users\admin\desktop\game\castlevania\debug\castlevania.tlog\link-cvtres.read.1.tlog
c:\users\admin\desktop\game\castlevania\debug\castlevania.tlog\link-cvtres.write.1.tlog
c:\users\admin\desktop\game\castlevania\debug\castlevania.tlog\link-rc.read.1.tlog
c:\users\admin\desktop\game\castlevania\debug\castlevania.tlog\link-rc.write.1.tlog
c:\users\admin\desktop\game\castlevania\debug\castlevania.tlog\link.10508-cvtres.read.1.tlog
c:\users\admin\desktop\game\castlevania\debug\castlevania.tlog\link.10508-cvtres.write.1.tlog
c:\users\admin\desktop\game\castlevania\debug\castlevania.tlog\link.10508-rc.read.1.tlog
c:\users\admin\desktop\game\castlevania\debug\castlevania.tlog\link.10508-rc.write.1.tlog
c:\users\admin\desktop\game\castlevania\debug\castlevania.tlog\link.10508.read.1.tlog
c:\users\admin\desktop\game\castlevania\debug\castlevania.tlog\link.10508.write.1.tlog
c:\users\admin\desktop\game\castlevania\debug\castlevania.tlog\link.command.1.tlog
c:\users\admin\desktop\game\castlevania\debug\castlevania.tlog\link.read.1.tlog
c:\users\admin\desktop\game\castlevania\debug\castlevania.tlog\link.write.1.tlog
